Using pre-set license
Built from '6000.0/staging' branch; Version is '6000.0.33f1 (433b0a79340b) revision 4406026'; Using compiler version '193933523'; Build Type 'Release'
OS: 'Windows 10  (10.0.19045) 64bit Education' Language: 'en' Physical Memory: 15993 MB
BatchMode: 1, IsHumanControllingUs: 0, StartBugReporterOnCrash: 0, Is64bit: 1, IsPro: 1

COMMAND LINE ARGUMENTS:
C:\Program Files\Unity\Hub\Editor\Editor\Unity.exe
-adb2
-batchMode
-noUpm
-name
AssetImportWorker0
-projectPath
C:/Users/101080740/source/repos/intro-to-vr/PQ2 Berry KM
-logFile
Logs/AssetImportWorker0.log
-srvPort
58139
-job-worker-count
7
-background-job-worker-count
8
-gc-helper-count
1
Successfully changed project path to: C:/Users/101080740/source/repos/intro-to-vr/PQ2 Berry KM
C:/Users/101080740/source/repos/intro-to-vr/PQ2 Berry KM
[UnityMemory] Configuration Parameters - Can be set up in boot.config
    "memorysetup-bucket-allocator-granularity=16"
    "memorysetup-bucket-allocator-bucket-count=8"
    "memorysetup-bucket-allocator-block-size=33554432"
    "memorysetup-bucket-allocator-block-count=8"
    "memorysetup-main-allocator-block-size=16777216"
    "memorysetup-thread-allocator-block-size=16777216"
    "memorysetup-gfx-main-allocator-block-size=16777216"
    "memorysetup-gfx-thread-allocator-block-size=16777216"
    "memorysetup-cache-allocator-block-size=4194304"
    "memorysetup-typetree-allocator-block-size=2097152"
    "memorysetup-profiler-bucket-allocator-granularity=16"
    "memorysetup-profiler-bucket-allocator-bucket-count=8"
    "memorysetup-profiler-bucket-allocator-block-size=33554432"
    "memorysetup-profiler-bucket-allocator-block-count=8"
    "memorysetup-profiler-allocator-block-size=16777216"
    "memorysetup-profiler-editor-allocator-block-size=1048576"
    "memorysetup-temp-allocator-size-main=16777216"
    "memorysetup-job-temp-allocator-block-size=2097152"
    "memorysetup-job-temp-allocator-block-size-background=1048576"
    "memorysetup-job-temp-allocator-reduction-small-platforms=262144"
    "memorysetup-allocator-temp-initial-block-size-main=262144"
    "memorysetup-allocator-temp-initial-block-size-worker=262144"
    "memorysetup-temp-allocator-size-background-worker=32768"
    "memorysetup-temp-allocator-size-job-worker=262144"
    "memorysetup-temp-allocator-size-preload-manager=33554432"
    "memorysetup-temp-allocator-size-nav-mesh-worker=65536"
    "memorysetup-temp-allocator-size-audio-worker=65536"
    "memorysetup-temp-allocator-size-cloud-worker=32768"
    "memorysetup-temp-allocator-size-gi-baking-worker=262144"
    "memorysetup-temp-allocator-size-gi-baking-worker=262144"
    "memorysetup-temp-allocator-size-gi-baking-worker=262144"
    "memorysetup-temp-allocator-size-gi-baking-worker=262144"
    "memorysetup-temp-allocator-size-gi-baking-worker=262144"
    "memorysetup-temp-allocator-size-gfx=262144"
Player connection [11720]  Target information:

Player connection [11720]  * "[IP] 151.159.106.114 [Port] 0 [Flags] 2 [Guid] 2018097396 [EditorId] 2018097396 [Version] 1048832 [Id] WindowsEditor(7,MC-CS-WINLAB11) [Debug] 1 [PackageName] WindowsEditor [ProjectName] Editor" 

Player connection [11720] Host joined multi-casting on [225.0.0.222:54997]...
Player connection [11720] Host joined alternative multi-casting on [225.0.0.222:34997]...
JobSystem: Creating JobQueue using job-worker-count value 7
[Physics::Module] Initialized fallback backend.
[Physics::Module] Id: 0xdecafbad
Library Redirect Path: Library/
[Physics::Module] Selected backend.
[Physics::Module] Name: PhysX
[Physics::Module] Id: 0xf2b8ea05
[Physics::Module] SDK Version: 4.1.2
[Physics::Module] Integration Version: 1.0.0
[Physics::Module] Threading Mode: Multi-Threaded
Refreshing native plugins compatible for Editor in 16.38 ms, found 9 plugins.
Preloading 0 native plugins for Editor in 0.00 ms.
Initialize engine version: 6000.0.33f1 (433b0a79340b)
[Subsystems] Discovering subsystems at path C:/Program Files/Unity/Hub/Editor/Editor/Data/Resources/UnitySubsystems
[Subsystems] Discovering subsystems at path C:/Users/101080740/source/repos/intro-to-vr/PQ2 Berry KM/Assets
GfxDevice: creating device client; kGfxThreadingModeNonThreaded
Direct3D:
    Version:  Direct3D 11.0 [level 11.1]
    Renderer: NVIDIA RTX A2000 (ID=0x2531)
    Vendor:   NVIDIA
    VRAM:     5990 MB
    Driver:   32.0.15.5618
Initialize mono
Mono path[0] = 'C:/Program Files/Unity/Hub/Editor/Editor/Data/Managed'
Mono path[1] = 'C:/Program Files/Unity/Hub/Editor/Editor/Data/MonoBleedingEdge/lib/mono/unityjit-win32'
Mono config path = 'C:/Program Files/Unity/Hub/Editor/Editor/Data/MonoBleedingEdge/etc'
Using monoOptions --debugger-agent=transport=dt_socket,embedding=1,server=y,suspend=n,address=127.0.0.1:56276
Begin MonoManager ReloadAssembly
Registering precompiled unity dll's ...
Register platform support module: C:/Program Files/Unity/Hub/Editor/Editor/Data/PlaybackEngines/WindowsStandaloneSupport/UnityEditor.WindowsStandalone.Extensions.dll
Registered in 0.002914 seconds.
- Loaded All Assemblies, in  0.502 seconds
Native extension for WindowsStandalone target not found
Mono: successfully reloaded assembly
- Finished resetting the current domain, in  0.394 seconds
Domain Reload Profiling: 895ms
	BeginReloadAssembly (167ms)
		ExecutionOrderSort (0ms)
		DisableScriptedObjects (0ms)
		BackupInstance (0ms)
		ReleaseScriptingObjects (0ms)
		CreateAndSetChildDomain (1ms)
	RebuildCommonClasses (45ms)
	RebuildNativeTypeToScriptingClass (15ms)
	initialDomainReloadingComplete (58ms)
	LoadAllAssembliesAndSetupDomain (215ms)
		LoadAssemblies (164ms)
		RebuildTransferFunctionScriptingTraits (0ms)
		AnalyzeDomain (211ms)
			TypeCache.Refresh (210ms)
				TypeCache.ScanAssembly (189ms)
			BuildScriptInfoCaches (0ms)
			ResolveRequiredComponents (0ms)
	FinalizeReload (394ms)
		ReleaseScriptCaches (0ms)
		RebuildScriptCaches (0ms)
		SetupLoadedEditorAssemblies (344ms)
			LogAssemblyErrors (0ms)
			InitializePlatformSupportModulesInManaged (30ms)
			SetLoadedEditorAssemblies (6ms)
			BeforeProcessingInitializeOnLoad (66ms)
			ProcessInitializeOnLoadAttributes (178ms)
			ProcessInitializeOnLoadMethodAttributes (64ms)
			AfterProcessingInitializeOnLoad (0ms)
			EditorAssembliesLoaded (0ms)
		ExecutionOrderSort2 (0ms)
		AwakeInstancesAfterBackupRestoration (0ms)
========================================================================
Worker process is ready to serve import requests
Import Worker Mode flag is 0x00
Begin MonoManager ReloadAssembly
- Loaded All Assemblies, in  0.858 seconds
'Packages/com.unity.xr.openxr/Runtime/OpenXRLoader.cs' contains partial class of Unity.Object, exactly 1 of the partial classes needs to be in a file with the same filename. This is to know the one that can be referenced from ie. GameObjects
'Packages/com.unity.xr.openxr/Runtime/OpenXRLoaderInternal.cs' contains partial class of Unity.Object, exactly 1 of the partial classes needs to be in a file with the same filename. This is to know the one that can be referenced from ie. GameObjects
Refreshing native plugins compatible for Editor in 6.29 ms, found 9 plugins.
Native extension for WindowsStandalone target not found
Package Manager log level set to [2]
[Package Manager] Failed to launch server process. Reason: Unity was launched with the -noUpm command-line argument
[Package Manager] Unable to send message (not connected to server process).
[Package Manager] Cannot connect to Unity Package Manager local server
Mono: successfully reloaded assembly
[Package Manager] Failed to launch server process. Reason: Unity was launched with the -noUpm command-line argument
[Package Manager] Unable to send message (not connected to server process).
[Package Manager] Cannot connect to Unity Package Manager local server
[Package Manager] Failed to launch server process. Reason: Unity was launched with the -noUpm command-line argument
[Package Manager] Unable to send message (not connected to server process).
[Package Manager] Cannot connect to Unity Package Manager local server
- Finished resetting the current domain, in  0.742 seconds
Domain Reload Profiling: 1596ms
	BeginReloadAssembly (205ms)
		ExecutionOrderSort (0ms)
		DisableScriptedObjects (8ms)
		BackupInstance (0ms)
		ReleaseScriptingObjects (0ms)
		CreateAndSetChildDomain (39ms)
	RebuildCommonClasses (51ms)
	RebuildNativeTypeToScriptingClass (13ms)
	initialDomainReloadingComplete (42ms)
	LoadAllAssembliesAndSetupDomain (544ms)
		LoadAssemblies (394ms)
		RebuildTransferFunctionScriptingTraits (0ms)
		AnalyzeDomain (269ms)
			TypeCache.Refresh (206ms)
				TypeCache.ScanAssembly (179ms)
			BuildScriptInfoCaches (53ms)
			ResolveRequiredComponents (7ms)
	FinalizeReload (742ms)
		ReleaseScriptCaches (0ms)
		RebuildScriptCaches (0ms)
		SetupLoadedEditorAssemblies (611ms)
			LogAssemblyErrors (0ms)
			InitializePlatformSupportModulesInManaged (3ms)
			SetLoadedEditorAssemblies (6ms)
			BeforeProcessingInitializeOnLoad (112ms)
			ProcessInitializeOnLoadAttributes (371ms)
			ProcessInitializeOnLoadMethodAttributes (114ms)
			AfterProcessingInitializeOnLoad (5ms)
			EditorAssembliesLoaded (0ms)
		ExecutionOrderSort2 (0ms)
		AwakeInstancesAfterBackupRestoration (7ms)
Launched and connected shader compiler UnityShaderCompiler.exe after 0.01 seconds
Refreshing native plugins compatible for Editor in 7.77 ms, found 9 plugins.
Preloading 0 native plugins for Editor in 0.00 ms.
Unloading 9 Unused Serialized files (Serialized files now loaded: 0)
Unloading 4090 unused Assets / (1.2 MB). Loaded Objects now: 4593.
Memory consumption went from 85.4 MB to 84.2 MB.
Total: 8.759800 ms (FindLiveObjects: 0.748100 ms CreateObjectMapping: 0.404300 ms MarkObjects: 6.061800 ms  DeleteObjects: 1.543600 ms)

========================================================================
Received Import Request.
  Time since last request: 916.667654 seconds.
  path: Assets/Scenes/SampleScene.unity
  artifactKey: Guid(9fc0d4010bbf28b4594072e72b8655ab) Importer(815301076,1909f56bfc062723c751e8b465ee728b)
Start importing Assets/Scenes/SampleScene.unity using Guid(9fc0d4010bbf28b4594072e72b8655ab) Importer(815301076,1909f56bfc062723c751e8b465ee728b) (PreviewImporter) -> (artifact id: '71a845f47d9665ac249fd8bf2695f95e') in 0.0067703 seconds
Number of updated asset objects reloaded before import = 0Number of asset objects unloaded after import = 0

========================================================================
Received Import Request.
  Time since last request: 86.535099 seconds.
  path: Assets/Interactions/InputSystem.inputsettings.asset
  artifactKey: Guid(ed47c819a95eaa34c8b2198a0a3ceacb) Importer(815301076,1909f56bfc062723c751e8b465ee728b)
Start importing Assets/Interactions/InputSystem.inputsettings.asset using Guid(ed47c819a95eaa34c8b2198a0a3ceacb) Importer(815301076,1909f56bfc062723c751e8b465ee728b) (PreviewImporter) -> (artifact id: 'bd2cdcd336d8a0e606805c772fdfd147') in 0.0192965 seconds
Number of updated asset objects reloaded before import = 0Number of asset objects unloaded after import = 1

========================================================================
Received Import Request.
  Time since last request: 50.206277 seconds.
  path: Assets/Interactions/MainControls.inputactions
  artifactKey: Guid(e41cfca3e26a9704785f557fb78b59a7) Importer(815301076,1909f56bfc062723c751e8b465ee728b)
Start importing Assets/Interactions/MainControls.inputactions using Guid(e41cfca3e26a9704785f557fb78b59a7) Importer(815301076,1909f56bfc062723c751e8b465ee728b) (PreviewImporter) -> (artifact id: 'fed70139ee6c2353d8581fcf46efd6b9') in 0.0051926 seconds
Number of updated asset objects reloaded before import = 0Number of asset objects unloaded after import = 14

========================================================================
Received Import Request.
  Time since last request: 4.969588 seconds.
  path: Assets/Interactions/InputSystem.inputsettings.asset
  artifactKey: Guid(ed47c819a95eaa34c8b2198a0a3ceacb) Importer(2089858483,192608db42251d675da83286b1cce702)
Start importing Assets/Interactions/InputSystem.inputsettings.asset using Guid(ed47c819a95eaa34c8b2198a0a3ceacb) Importer(2089858483,192608db42251d675da83286b1cce702) (ScriptedImporter) -> (artifact id: '146ffea3a3b51a3a3f3203b3b899e4f4') in 0.1568804 seconds
Number of updated asset objects reloaded before import = 0Number of asset objects unloaded after import = 1

========================================================================
Received Import Request.
  Time since last request: 0.000040 seconds.
  path: Assets/XR/Settings/OpenXR Package Settings.asset
  artifactKey: Guid(7524addf0e16b5d4ca40f313e6c83523) Importer(2089858483,192608db42251d675da83286b1cce702)
Start importing Assets/XR/Settings/OpenXR Package Settings.asset using Guid(7524addf0e16b5d4ca40f313e6c83523) Importer(2089858483,192608db42251d675da83286b1cce702) (ScriptedImporter) -> (artifact id: 'ccf3bf3c6bd2bf59262a39abaf64c781') in 0.0842652 seconds
Number of updated asset objects reloaded before import = 0Number of asset objects unloaded after import = 1

========================================================================
Received Import Request.
  Time since last request: 0.000037 seconds.
  path: Assets/Resources/Sound/beeps-down-281317.mp3
  artifactKey: Guid(ac31b46615f1f5e4fbbd19871214f027) Importer(2089858483,192608db42251d675da83286b1cce702)
Start importing Assets/Resources/Sound/beeps-down-281317.mp3 using Guid(ac31b46615f1f5e4fbbd19871214f027) Importer(2089858483,192608db42251d675da83286b1cce702) (ScriptedImporter) -> (artifact id: '3e27bd85323f6721be22b73b52bd768a') in 0.0506192 seconds
Number of updated asset objects reloaded before import = 0Number of asset objects unloaded after import = 1

========================================================================
Received Import Request.
  Time since last request: 0.000025 seconds.
  path: Assets/Resources/Materials/Decal Tex.mat
  artifactKey: Guid(0352241b7d7e83f4baad6f4d6562188e) Importer(2089858483,192608db42251d675da83286b1cce702)
Start importing Assets/Resources/Materials/Decal Tex.mat using Guid(0352241b7d7e83f4baad6f4d6562188e) Importer(2089858483,192608db42251d675da83286b1cce702) (ScriptedImporter) -> (artifact id: '82004b0c4374bba4f44a65b550691ab5') in 0.0791892 seconds
Number of updated asset objects reloaded before import = 0Number of asset objects unloaded after import = 2

========================================================================
Received Import Request.
  Time since last request: 0.000036 seconds.
  path: Assets/Scripts/Grabbing/DoubleGrab.cs
  artifactKey: Guid(115cf86d2b14d50458eb92d1c6352d45) Importer(2089858483,192608db42251d675da83286b1cce702)
Start importing Assets/Scripts/Grabbing/DoubleGrab.cs using Guid(115cf86d2b14d50458eb92d1c6352d45) Importer(2089858483,192608db42251d675da83286b1cce702) (ScriptedImporter) -> (artifact id: '3857bd5e4d9ed2c28ae6a1e5ac68a250') in 0.0220677 seconds
Number of updated asset objects reloaded before import = 0Number of asset objects unloaded after import = 0

========================================================================
Received Import Request.
  Time since last request: 0.000059 seconds.
  path: Assets/Resources/Materials/Grey.mat
  artifactKey: Guid(921c1bbed36c65f4283686b88aed9043) Importer(2089858483,192608db42251d675da83286b1cce702)
Start importing Assets/Resources/Materials/Grey.mat using Guid(921c1bbed36c65f4283686b88aed9043) Importer(2089858483,192608db42251d675da83286b1cce702) (ScriptedImporter) -> (artifact id: 'f570481b13938adf354c5a7a5cce7fe3') in 0.0213167 seconds
Number of updated asset objects reloaded before import = 0Number of asset objects unloaded after import = 1

========================================================================
Received Import Request.
  Time since last request: 0.000039 seconds.
  path: Assets/Resources/Prefabs/SteeringWheel.prefab
  artifactKey: Guid(41f96b91480c5d14990c1e26e091c592) Importer(2089858483,192608db42251d675da83286b1cce702)
Start importing Assets/Resources/Prefabs/SteeringWheel.prefab using Guid(41f96b91480c5d14990c1e26e091c592) Importer(2089858483,192608db42251d675da83286b1cce702) (ScriptedImporter) -> (artifact id: 'be10d8c51c3a402e0ad1bd6e86c11cbc') in 0.030809 seconds
Number of updated asset objects reloaded before import = 0Number of asset objects unloaded after import = 24

========================================================================
Received Import Request.
  Time since last request: 0.000043 seconds.
  path: Assets/Scripts/Navigation/CameraMovement.cs
  artifactKey: Guid(7b0eb6cb92e622b489abbdf1a3d5fbd5) Importer(2089858483,192608db42251d675da83286b1cce702)
Start importing Assets/Scripts/Navigation/CameraMovement.cs using Guid(7b0eb6cb92e622b489abbdf1a3d5fbd5) Importer(2089858483,192608db42251d675da83286b1cce702) (ScriptedImporter) -> (artifact id: '8ada718ec81dc6991cef3edb26f0b21f') in 0.0180989 seconds
Number of updated asset objects reloaded before import = 0Number of asset objects unloaded after import = 0

========================================================================
Received Import Request.
  Time since last request: 0.000102 seconds.
  path: Assets/Resources/Materials/Red.mat
  artifactKey: Guid(d5b8fa281eb077c49bc9404a758fdbb9) Importer(2089858483,192608db42251d675da83286b1cce702)
Start importing Assets/Resources/Materials/Red.mat using Guid(d5b8fa281eb077c49bc9404a758fdbb9) Importer(2089858483,192608db42251d675da83286b1cce702) (ScriptedImporter) -> (artifact id: 'ff946696db8b60f725855a5a4f08ee31') in 0.0181437 seconds
Number of updated asset objects reloaded before import = 0Number of asset objects unloaded after import = 1

========================================================================
Received Import Request.
  Time since last request: 0.000041 seconds.
  path: Assets/Resources/Prefabs/XR Rig.prefab
  artifactKey: Guid(ffa83d80e77fa314fab412130c876b1e) Importer(2089858483,192608db42251d675da83286b1cce702)
Start importing Assets/Resources/Prefabs/XR Rig.prefab using Guid(ffa83d80e77fa314fab412130c876b1e) Importer(2089858483,192608db42251d675da83286b1cce702) (ScriptedImporter) -> (artifact id: 'bd64e15d7f8baca4dc577dc258beaaab') in 0.3203993 seconds
Number of updated asset objects reloaded before import = 0Number of asset objects unloaded after import = 44

========================================================================
Received Import Request.
  Time since last request: 0.000027 seconds.
  path: Assets/Resources/Materials/Yellow.mat
  artifactKey: Guid(d752878a408d30e42b551dbf7b3c7484) Importer(2089858483,192608db42251d675da83286b1cce702)
Start importing Assets/Resources/Materials/Yellow.mat using Guid(d752878a408d30e42b551dbf7b3c7484) Importer(2089858483,192608db42251d675da83286b1cce702) (ScriptedImporter) -> (artifact id: '08fb792527dcd4e7c4b9619becdb626f') in 0.027607 seconds
Number of updated asset objects reloaded before import = 0Number of asset objects unloaded after import = 1

========================================================================
Received Import Request.
  Time since last request: 0.000041 seconds.
  path: Assets/Scripts/Grabbing/GrabEffectHold.cs
  artifactKey: Guid(48c61483d1bf32a45a68ac999a57eb44) Importer(2089858483,192608db42251d675da83286b1cce702)
Start importing Assets/Scripts/Grabbing/GrabEffectHold.cs using Guid(48c61483d1bf32a45a68ac999a57eb44) Importer(2089858483,192608db42251d675da83286b1cce702) (ScriptedImporter) -> (artifact id: 'b7b3450aa524c85201f63c7f476040c0') in 0.0197645 seconds
Number of updated asset objects reloaded before import = 0Number of asset objects unloaded after import = 0

========================================================================
Received Import Request.
  Time since last request: 0.000058 seconds.
  path: Assets/Resources/Prefabs/XCanvas.prefab
  artifactKey: Guid(8e4b57e8079b0e84c898ccedbf97d712) Importer(2089858483,192608db42251d675da83286b1cce702)
Start importing Assets/Resources/Prefabs/XCanvas.prefab using Guid(8e4b57e8079b0e84c898ccedbf97d712) Importer(2089858483,192608db42251d675da83286b1cce702) (ScriptedImporter) -> (artifact id: '529c0310da15e1ab0dde8e2656893139') in 0.0493565 seconds
Number of updated asset objects reloaded before import = 0Number of asset objects unloaded after import = 16

========================================================================
Received Import Request.
  Time since last request: 0.000025 seconds.
  path: Assets/Scripts/Grabbing/Grab.cs
  artifactKey: Guid(5d579aa618900414cba32b640f8887d8) Importer(2089858483,192608db42251d675da83286b1cce702)
Start importing Assets/Scripts/Grabbing/Grab.cs using Guid(5d579aa618900414cba32b640f8887d8) Importer(2089858483,192608db42251d675da83286b1cce702) (ScriptedImporter) -> (artifact id: 'abb85231f32afbee9cd2dd3f8f4e1c9e') in 0.0176164 seconds
Number of updated asset objects reloaded before import = 0Number of asset objects unloaded after import = 0

========================================================================
Received Import Request.
  Time since last request: 0.000047 seconds.
  path: Assets/Resources/UIActions.inputactions
  artifactKey: Guid(a95dfd8ce78479c4f8cbc307ddf6fe4a) Importer(2089858483,192608db42251d675da83286b1cce702)
Start importing Assets/Resources/UIActions.inputactions using Guid(a95dfd8ce78479c4f8cbc307ddf6fe4a) Importer(2089858483,192608db42251d675da83286b1cce702) (ScriptedImporter) -> (artifact id: '867471861c8d5620b7080b105a2f6abe') in 0.0336799 seconds
Number of updated asset objects reloaded before import = 0Number of asset objects unloaded after import = 13

========================================================================
Received Import Request.
  Time since last request: 0.000019 seconds.
  path: Assets/Resources/Textures/target.png
  artifactKey: Guid(5c82464d9bf87be40a950deed7ad3228) Importer(2089858483,192608db42251d675da83286b1cce702)
Start importing Assets/Resources/Textures/target.png using Guid(5c82464d9bf87be40a950deed7ad3228) Importer(2089858483,192608db42251d675da83286b1cce702) (ScriptedImporter) -> (artifact id: '8fc228cc5818043cfe15f95222ec7e2a') in 0.050158 seconds
Number of updated asset objects reloaded before import = 0Number of asset objects unloaded after import = 1

Editor requested this worker to shutdown with reason: Scaling down because of idle timeout
AssetImportWorker is now disconnected from the server
Process exiting
Exiting without the bug reporter. Application will terminate with return code 0