Using pre-set license
Built from '6000.0/staging' branch; Version is '6000.0.33f1 (433b0a79340b) revision 4406026'; Using compiler version '193933523'; Build Type 'Release'
OS: 'Windows 11  (10.0.26100) 64bit Education' Language: 'en' Physical Memory: 32424 MB
BatchMode: 1, IsHumanControllingUs: 0, StartBugReporterOnCrash: 0, Is64bit: 1, IsPro: 1

COMMAND LINE ARGUMENTS:
C:\Program Files\Unity\Hub\Editor\6000.0.33f1\Editor\Unity.exe
-adb2
-batchMode
-noUpm
-name
AssetImportWorker0
-projectPath
C:/Users/101080740/source/repos/intro-to-vr/T7 Berry KM
-logFile
Logs/AssetImportWorker0.log
-srvPort
41713
-job-worker-count
9
-background-job-worker-count
8
-gc-helper-count
1
Successfully changed project path to: C:/Users/101080740/source/repos/intro-to-vr/T7 Berry KM
C:/Users/101080740/source/repos/intro-to-vr/T7 Berry KM
[UnityMemory] Configuration Parameters - Can be set up in boot.config
    "memorysetup-bucket-allocator-granularity=16"
    "memorysetup-bucket-allocator-bucket-count=8"
    "memorysetup-bucket-allocator-block-size=33554432"
    "memorysetup-bucket-allocator-block-count=8"
    "memorysetup-main-allocator-block-size=16777216"
    "memorysetup-thread-allocator-block-size=16777216"
    "memorysetup-gfx-main-allocator-block-size=16777216"
    "memorysetup-gfx-thread-allocator-block-size=16777216"
    "memorysetup-cache-allocator-block-size=4194304"
    "memorysetup-typetree-allocator-block-size=2097152"
    "memorysetup-profiler-bucket-allocator-granularity=16"
    "memorysetup-profiler-bucket-allocator-bucket-count=8"
    "memorysetup-profiler-bucket-allocator-block-size=33554432"
    "memorysetup-profiler-bucket-allocator-block-count=8"
    "memorysetup-profiler-allocator-block-size=16777216"
    "memorysetup-profiler-editor-allocator-block-size=1048576"
    "memorysetup-temp-allocator-size-main=16777216"
    "memorysetup-job-temp-allocator-block-size=2097152"
    "memorysetup-job-temp-allocator-block-size-background=1048576"
    "memorysetup-job-temp-allocator-reduction-small-platforms=262144"
    "memorysetup-allocator-temp-initial-block-size-main=262144"
    "memorysetup-allocator-temp-initial-block-size-worker=262144"
    "memorysetup-temp-allocator-size-background-worker=32768"
    "memorysetup-temp-allocator-size-job-worker=262144"
    "memorysetup-temp-allocator-size-preload-manager=33554432"
    "memorysetup-temp-allocator-size-nav-mesh-worker=65536"
    "memorysetup-temp-allocator-size-audio-worker=65536"
    "memorysetup-temp-allocator-size-cloud-worker=32768"
    "memorysetup-temp-allocator-size-gi-baking-worker=262144"
    "memorysetup-temp-allocator-size-gi-baking-worker=262144"
    "memorysetup-temp-allocator-size-gi-baking-worker=262144"
    "memorysetup-temp-allocator-size-gi-baking-worker=262144"
    "memorysetup-temp-allocator-size-gi-baking-worker=262144"
    "memorysetup-temp-allocator-size-gfx=262144"
Player connection [21156]  Target information:

Player connection [21156]  * "[IP] 151.159.109.108 [Port] 0 [Flags] 2 [Guid] 2314759013 [EditorId] 2314759013 [Version] 1048832 [Id] WindowsEditor(7,T-SMD1039937) [Debug] 1 [PackageName] WindowsEditor [ProjectName] Editor" 

Player connection [21156] Host joined multi-casting on [225.0.0.222:54997]...
Player connection [21156] Host joined alternative multi-casting on [225.0.0.222:34997]...
JobSystem: Creating JobQueue using job-worker-count value 9
[Physics::Module] Initialized fallback backend.
[Physics::Module] Id: 0xdecafbad
Library Redirect Path: Library/
[Physics::Module] Selected backend.
[Physics::Module] Name: PhysX
[Physics::Module] Id: 0xf2b8ea05
[Physics::Module] SDK Version: 4.1.2
[Physics::Module] Integration Version: 1.0.0
[Physics::Module] Threading Mode: Multi-Threaded
Refreshing native plugins compatible for Editor in 11.40 ms, found 9 plugins.
Preloading 0 native plugins for Editor in 0.00 ms.
Initialize engine version: 6000.0.33f1 (433b0a79340b)
[Subsystems] Discovering subsystems at path C:/Program Files/Unity/Hub/Editor/6000.0.33f1/Editor/Data/Resources/UnitySubsystems
[Subsystems] Discovering subsystems at path C:/Users/101080740/source/repos/intro-to-vr/T7 Berry KM/Assets
GfxDevice: creating device client; kGfxThreadingModeNonThreaded
Direct3D:
    Version:  Direct3D 11.0 [level 11.1]
    Renderer: NVIDIA RTX A500 Laptop GPU (ID=0x25bb)
    Vendor:   NVIDIA
    VRAM:     3965 MB
    Driver:   32.0.15.5635
Initialize mono
Mono path[0] = 'C:/Program Files/Unity/Hub/Editor/6000.0.33f1/Editor/Data/Managed'
Mono path[1] = 'C:/Program Files/Unity/Hub/Editor/6000.0.33f1/Editor/Data/MonoBleedingEdge/lib/mono/unityjit-win32'
Mono config path = 'C:/Program Files/Unity/Hub/Editor/6000.0.33f1/Editor/Data/MonoBleedingEdge/etc'
Using monoOptions --debugger-agent=transport=dt_socket,embedding=1,server=y,suspend=n,address=127.0.0.1:56152
Begin MonoManager ReloadAssembly
Registering precompiled unity dll's ...
Register platform support module: C:/Program Files/Unity/Hub/Editor/6000.0.33f1/Editor/Data/PlaybackEngines/WebGLSupport/UnityEditor.WebGL.Extensions.dll
Register platform support module: C:/Program Files/Unity/Hub/Editor/6000.0.33f1/Editor/Data/PlaybackEngines/WindowsStandaloneSupport/UnityEditor.WindowsStandalone.Extensions.dll
Registered in 0.003486 seconds.
- Loaded All Assemblies, in  0.417 seconds
Native extension for WindowsStandalone target not found
Native extension for WebGL target not found
Mono: successfully reloaded assembly
- Finished resetting the current domain, in  0.359 seconds
Domain Reload Profiling: 774ms
	BeginReloadAssembly (138ms)
		ExecutionOrderSort (0ms)
		DisableScriptedObjects (0ms)
		BackupInstance (0ms)
		ReleaseScriptingObjects (0ms)
		CreateAndSetChildDomain (1ms)
	RebuildCommonClasses (41ms)
	RebuildNativeTypeToScriptingClass (13ms)
	initialDomainReloadingComplete (53ms)
	LoadAllAssembliesAndSetupDomain (171ms)
		LoadAssemblies (136ms)
		RebuildTransferFunctionScriptingTraits (0ms)
		AnalyzeDomain (167ms)
			TypeCache.Refresh (166ms)
				TypeCache.ScanAssembly (151ms)
			BuildScriptInfoCaches (0ms)
			ResolveRequiredComponents (0ms)
	FinalizeReload (359ms)
		ReleaseScriptCaches (0ms)
		RebuildScriptCaches (0ms)
		SetupLoadedEditorAssemblies (315ms)
			LogAssemblyErrors (0ms)
			InitializePlatformSupportModulesInManaged (27ms)
			SetLoadedEditorAssemblies (5ms)
			BeforeProcessingInitializeOnLoad (59ms)
			ProcessInitializeOnLoadAttributes (169ms)
			ProcessInitializeOnLoadMethodAttributes (55ms)
			AfterProcessingInitializeOnLoad (0ms)
			EditorAssembliesLoaded (0ms)
		ExecutionOrderSort2 (0ms)
		AwakeInstancesAfterBackupRestoration (0ms)
========================================================================
Worker process is ready to serve import requests
Import Worker Mode flag is 0x00
Begin MonoManager ReloadAssembly
- Loaded All Assemblies, in  0.764 seconds
'Packages/com.unity.xr.openxr/Runtime/OpenXRLoader.cs' contains partial class of Unity.Object, exactly 1 of the partial classes needs to be in a file with the same filename. This is to know the one that can be referenced from ie. GameObjects
'Packages/com.unity.xr.openxr/Runtime/OpenXRLoaderInternal.cs' contains partial class of Unity.Object, exactly 1 of the partial classes needs to be in a file with the same filename. This is to know the one that can be referenced from ie. GameObjects
Refreshing native plugins compatible for Editor in 11.82 ms, found 9 plugins.
Native extension for WindowsStandalone target not found
Native extension for WebGL target not found
Package Manager log level set to [2]
[Package Manager] Failed to launch server process. Reason: Unity was launched with the -noUpm command-line argument
[Package Manager] Unable to send message (not connected to server process).
[Package Manager] Cannot connect to Unity Package Manager local server
Mono: successfully reloaded assembly
[Package Manager] Failed to launch server process. Reason: Unity was launched with the -noUpm command-line argument
[Package Manager] Unable to send message (not connected to server process).
[Package Manager] Cannot connect to Unity Package Manager local server
[Package Manager] Failed to launch server process. Reason: Unity was launched with the -noUpm command-line argument
[Package Manager] Unable to send message (not connected to server process).
[Package Manager] Cannot connect to Unity Package Manager local server
- Finished resetting the current domain, in  0.693 seconds
Domain Reload Profiling: 1454ms
	BeginReloadAssembly (205ms)
		ExecutionOrderSort (0ms)
		DisableScriptedObjects (7ms)
		BackupInstance (0ms)
		ReleaseScriptingObjects (0ms)
		CreateAndSetChildDomain (37ms)
	RebuildCommonClasses (43ms)
	RebuildNativeTypeToScriptingClass (12ms)
	initialDomainReloadingComplete (39ms)
	LoadAllAssembliesAndSetupDomain (463ms)
		LoadAssemblies (349ms)
		RebuildTransferFunctionScriptingTraits (0ms)
		AnalyzeDomain (235ms)
			TypeCache.Refresh (174ms)
				TypeCache.ScanAssembly (157ms)
			BuildScriptInfoCaches (51ms)
			ResolveRequiredComponents (5ms)
	FinalizeReload (693ms)
		ReleaseScriptCaches (0ms)
		RebuildScriptCaches (0ms)
		SetupLoadedEditorAssemblies (571ms)
			LogAssemblyErrors (0ms)
			InitializePlatformSupportModulesInManaged (3ms)
			SetLoadedEditorAssemblies (6ms)
			BeforeProcessingInitializeOnLoad (102ms)
			ProcessInitializeOnLoadAttributes (390ms)
			ProcessInitializeOnLoadMethodAttributes (66ms)
			AfterProcessingInitializeOnLoad (4ms)
			EditorAssembliesLoaded (0ms)
		ExecutionOrderSort2 (0ms)
		AwakeInstancesAfterBackupRestoration (6ms)
Launched and connected shader compiler UnityShaderCompiler.exe after 0.02 seconds
Refreshing native plugins compatible for Editor in 11.78 ms, found 9 plugins.
Preloading 0 native plugins for Editor in 0.00 ms.
Unloading 9 Unused Serialized files (Serialized files now loaded: 0)
Unloading 4088 unused Assets / (1.0 MB). Loaded Objects now: 4590.
Memory consumption went from 85.9 MB to 84.9 MB.
Total: 8.240100 ms (FindLiveObjects: 0.445400 ms CreateObjectMapping: 0.277300 ms MarkObjects: 5.877300 ms  DeleteObjects: 1.637600 ms)

========================================================================
Received Import Request.
  Time since last request: 923.061975 seconds.
  path: Assets/InputSystem_Actions.inputactions
  artifactKey: Guid(8e265e08a2ab2594597b0808e8653e4c) Importer(815301076,1909f56bfc062723c751e8b465ee728b)
Start importing Assets/InputSystem_Actions.inputactions using Guid(8e265e08a2ab2594597b0808e8653e4c) Importer(815301076,1909f56bfc062723c751e8b465ee728b) (PreviewImporter) -> (artifact id: 'cda49b5c69cda7007e4e022dd1b97314') in 0.0347184 seconds
Number of updated asset objects reloaded before import = 0Number of asset objects unloaded after import = 20

========================================================================
Received Import Request.
  Time since last request: 61.094479 seconds.
  path: Assets/InputSystem.inputsettings.asset
  artifactKey: Guid(a0a8a556aadcfaa4cb37479e6820b71c) Importer(2089858483,192608db42251d675da83286b1cce702)
Start importing Assets/InputSystem.inputsettings.asset using Guid(a0a8a556aadcfaa4cb37479e6820b71c) Importer(2089858483,192608db42251d675da83286b1cce702) (ScriptedImporter) -> (artifact id: '7592a41d2a15d3b19f458a726659445a') in 0.1704865 seconds
Number of updated asset objects reloaded before import = 0Number of asset objects unloaded after import = 1

========================================================================
Received Import Request.
  Time since last request: 0.000196 seconds.
  path: Assets/Resources/Prefab/YellowCapsule.prefab
  artifactKey: Guid(2375f89afc15b22419847a6bf26e21d0) Importer(2089858483,192608db42251d675da83286b1cce702)
Start importing Assets/Resources/Prefab/YellowCapsule.prefab using Guid(2375f89afc15b22419847a6bf26e21d0) Importer(2089858483,192608db42251d675da83286b1cce702) (ScriptedImporter) -> (artifact id: 'c33767de184a998eb51a332275f282d3') in 0.0646259 seconds
Number of updated asset objects reloaded before import = 0Number of asset objects unloaded after import = 11

========================================================================
Received Import Request.
  Time since last request: 0.000023 seconds.
  path: Assets/Resources/Prefab/Counter Icon.prefab
  artifactKey: Guid(efe5369b3880be94fa9313b054b157d6) Importer(2089858483,192608db42251d675da83286b1cce702)
Start importing Assets/Resources/Prefab/Counter Icon.prefab using Guid(efe5369b3880be94fa9313b054b157d6) Importer(2089858483,192608db42251d675da83286b1cce702) (ScriptedImporter) -> (artifact id: '6432b8cafc1e5c4711dd294f78001ab3') in 0.0242336 seconds
Number of updated asset objects reloaded before import = 0Number of asset objects unloaded after import = 6

========================================================================
Received Import Request.
  Time since last request: 0.000055 seconds.
  path: Assets/Resources/Materials/BrownMat.mat
  artifactKey: Guid(3d502878d24e3dd468cb67bcad64b10d) Importer(2089858483,192608db42251d675da83286b1cce702)
Start importing Assets/Resources/Materials/BrownMat.mat using Guid(3d502878d24e3dd468cb67bcad64b10d) Importer(2089858483,192608db42251d675da83286b1cce702) (ScriptedImporter) -> (artifact id: 'b773b7a4e2673917cc08b5dfaafbe669') in 0.0439188 seconds
Number of updated asset objects reloaded before import = 0Number of asset objects unloaded after import = 1

========================================================================
Received Import Request.
  Time since last request: 0.000021 seconds.
  path: Assets/Resources/Prefab/scoop.prefab
  artifactKey: Guid(6256988f70217d048b6bd57c0bbd649b) Importer(2089858483,192608db42251d675da83286b1cce702)
Start importing Assets/Resources/Prefab/scoop.prefab using Guid(6256988f70217d048b6bd57c0bbd649b) Importer(2089858483,192608db42251d675da83286b1cce702) (ScriptedImporter) -> (artifact id: 'e7f17dec09b8760e613c0ad529419689') in 0.0418179 seconds
Number of updated asset objects reloaded before import = 0Number of asset objects unloaded after import = 22

========================================================================
Received Import Request.
  Time since last request: 0.000023 seconds.
  path: Assets/Resources/Prefab/Cube Spawn Area.prefab
  artifactKey: Guid(8be8e541fb8c8424ebb120b80ad1deea) Importer(2089858483,192608db42251d675da83286b1cce702)
Start importing Assets/Resources/Prefab/Cube Spawn Area.prefab using Guid(8be8e541fb8c8424ebb120b80ad1deea) Importer(2089858483,192608db42251d675da83286b1cce702) (ScriptedImporter) -> (artifact id: 'd552e276cae1e8f5acaaa2cb1ff5a368') in 0.0325329 seconds
Number of updated asset objects reloaded before import = 0Number of asset objects unloaded after import = 9

========================================================================
Received Import Request.
  Time since last request: 0.000035 seconds.
  path: Assets/Resources/Materials/BlueMetal.mat
  artifactKey: Guid(2cddb0790171e9649b7949d931b44b7d) Importer(2089858483,192608db42251d675da83286b1cce702)
Start importing Assets/Resources/Materials/BlueMetal.mat using Guid(2cddb0790171e9649b7949d931b44b7d) Importer(2089858483,192608db42251d675da83286b1cce702) (ScriptedImporter) -> (artifact id: '7900faec30e2ff6512a16629d762a5b8') in 0.0312387 seconds
Number of updated asset objects reloaded before import = 0Number of asset objects unloaded after import = 1

========================================================================
Received Import Request.
  Time since last request: 0.000284 seconds.
  path: Assets/Scripts/GrabEffectHold.cs
  artifactKey: Guid(909a5a52d69efa24ca683f59063f134f) Importer(2089858483,192608db42251d675da83286b1cce702)
Start importing Assets/Scripts/GrabEffectHold.cs using Guid(909a5a52d69efa24ca683f59063f134f) Importer(2089858483,192608db42251d675da83286b1cce702) (ScriptedImporter) -> (artifact id: 'de69458d54e9553ed70f3efe9a272438') in 0.0322219 seconds
Number of updated asset objects reloaded before import = 0Number of asset objects unloaded after import = 0

========================================================================
Received Import Request.
  Time since last request: 0.000187 seconds.
  path: Assets/Resources/Materials/Sand.physicMaterial
  artifactKey: Guid(905b08836e433274daf2bfebcf2fafd1) Importer(2089858483,192608db42251d675da83286b1cce702)
Start importing Assets/Resources/Materials/Sand.physicMaterial using Guid(905b08836e433274daf2bfebcf2fafd1) Importer(2089858483,192608db42251d675da83286b1cce702) (ScriptedImporter) -> (artifact id: '55c963564b4647219419a3267e3a9715') in 0.0337692 seconds
Number of updated asset objects reloaded before import = 0Number of asset objects unloaded after import = 1

========================================================================
Received Import Request.
  Time since last request: 0.000304 seconds.
  path: Assets/Resources/Materials/BlueMat.mat
  artifactKey: Guid(003d9235fb6b9024a873fd9a13933e64) Importer(2089858483,192608db42251d675da83286b1cce702)
Start importing Assets/Resources/Materials/BlueMat.mat using Guid(003d9235fb6b9024a873fd9a13933e64) Importer(2089858483,192608db42251d675da83286b1cce702) (ScriptedImporter) -> (artifact id: '63984be953c1d672575aff41f4009543') in 0.0289567 seconds
Number of updated asset objects reloaded before import = 0Number of asset objects unloaded after import = 1

========================================================================
Received Import Request.
  Time since last request: 0.000146 seconds.
  path: Assets/Resources/Prefab/Sand.prefab
  artifactKey: Guid(37c940c887e752746973104be06ce6e9) Importer(2089858483,192608db42251d675da83286b1cce702)
Start importing Assets/Resources/Prefab/Sand.prefab using Guid(37c940c887e752746973104be06ce6e9) Importer(2089858483,192608db42251d675da83286b1cce702) (ScriptedImporter) -> (artifact id: 'f0fc35628d99b7d15c4fd88853caa9e0') in 0.0306847 seconds
Number of updated asset objects reloaded before import = 0Number of asset objects unloaded after import = 10

========================================================================
Received Import Request.
  Time since last request: 0.000021 seconds.
  path: Assets/Scripts/CameraMove.cs
  artifactKey: Guid(7073544494e535e46a10543a174d421c) Importer(2089858483,192608db42251d675da83286b1cce702)
Start importing Assets/Scripts/CameraMove.cs using Guid(7073544494e535e46a10543a174d421c) Importer(2089858483,192608db42251d675da83286b1cce702) (ScriptedImporter) -> (artifact id: '46cb213d2ed12f0c635fdfd283336716') in 0.0220263 seconds
Number of updated asset objects reloaded before import = 0Number of asset objects unloaded after import = 0

========================================================================
Received Import Request.
  Time since last request: 0.000290 seconds.
  path: Assets/Resources/Prefab/YellowCube.prefab
  artifactKey: Guid(c0dfd154230d0034f9e33da0682d9c6c) Importer(2089858483,192608db42251d675da83286b1cce702)
Start importing Assets/Resources/Prefab/YellowCube.prefab using Guid(c0dfd154230d0034f9e33da0682d9c6c) Importer(2089858483,192608db42251d675da83286b1cce702) (ScriptedImporter) -> (artifact id: '91bae22386b05247c707e61b78aec9c0') in 0.0332755 seconds
Number of updated asset objects reloaded before import = 0Number of asset objects unloaded after import = 11

========================================================================
Received Import Request.
  Time since last request: 0.000022 seconds.
  path: Assets/XR/Loaders/OpenXRLoader.asset
  artifactKey: Guid(7641a60f67701b24ab7479d947d1eaf7) Importer(2089858483,192608db42251d675da83286b1cce702)
Start importing Assets/XR/Loaders/OpenXRLoader.asset using Guid(7641a60f67701b24ab7479d947d1eaf7) Importer(2089858483,192608db42251d675da83286b1cce702) (ScriptedImporter) -> (artifact id: '407fe148ca441434ab78ad2001f0e240') in 0.0286522 seconds
Number of updated asset objects reloaded before import = 0Number of asset objects unloaded after import = 1

========================================================================
Received Import Request.
  Time since last request: 0.000152 seconds.
  path: Assets/Resources/Materials/Transparent.mat
  artifactKey: Guid(e888c856dd134864e9cbe158ea2fb9e4) Importer(2089858483,192608db42251d675da83286b1cce702)
Start importing Assets/Resources/Materials/Transparent.mat using Guid(e888c856dd134864e9cbe158ea2fb9e4) Importer(2089858483,192608db42251d675da83286b1cce702) (ScriptedImporter) -> (artifact id: '2f3bdc5febcaa39189da7f7c7b334770') in 0.0722469 seconds
Number of updated asset objects reloaded before import = 0Number of asset objects unloaded after import = 1

========================================================================
Received Import Request.
  Time since last request: 0.000141 seconds.
  path: Assets/Resources/Prefab/RedCapsule.prefab
  artifactKey: Guid(ada03e5809894a344a70932b0d2f4bfb) Importer(2089858483,192608db42251d675da83286b1cce702)
Start importing Assets/Resources/Prefab/RedCapsule.prefab using Guid(ada03e5809894a344a70932b0d2f4bfb) Importer(2089858483,192608db42251d675da83286b1cce702) (ScriptedImporter) -> (artifact id: 'b87c2a04797d5a0e0594b98f6c1eed74') in 0.0352917 seconds
Number of updated asset objects reloaded before import = 0Number of asset objects unloaded after import = 11

========================================================================
Received Import Request.
  Time since last request: 0.000113 seconds.
  path: Assets/Resources/Prefab/Sand Spawn Area.prefab
  artifactKey: Guid(4bacf5a63fd797e4c8f6cfb835d6a189) Importer(2089858483,192608db42251d675da83286b1cce702)
Start importing Assets/Resources/Prefab/Sand Spawn Area.prefab using Guid(4bacf5a63fd797e4c8f6cfb835d6a189) Importer(2089858483,192608db42251d675da83286b1cce702) (ScriptedImporter) -> (artifact id: 'fd427389c586ad56ac1401c2b3455dbf') in 0.0386909 seconds
Number of updated asset objects reloaded before import = 0Number of asset objects unloaded after import = 9

========================================================================
Received Import Request.
  Time since last request: 0.000167 seconds.
  path: Assets/Scenes/SampleScene.unity
  artifactKey: Guid(9fc0d4010bbf28b4594072e72b8655ab) Importer(2089858483,192608db42251d675da83286b1cce702)
Start importing Assets/Scenes/SampleScene.unity using Guid(9fc0d4010bbf28b4594072e72b8655ab) Importer(2089858483,192608db42251d675da83286b1cce702) (ScriptedImporter) -> (artifact id: 'a1ccbfde664f3382a39937e62ba02de4') in 0.0316574 seconds
Number of updated asset objects reloaded before import = 0Number of asset objects unloaded after import = 1

========================================================================
Received Import Request.
  Time since last request: 0.000307 seconds.
  path: Assets/Resources/Materials/ColorChange.mat
  artifactKey: Guid(35b630f2418f6024682f81da832c5dff) Importer(2089858483,192608db42251d675da83286b1cce702)
Start importing Assets/Resources/Materials/ColorChange.mat using Guid(35b630f2418f6024682f81da832c5dff) Importer(2089858483,192608db42251d675da83286b1cce702) (ScriptedImporter) -> (artifact id: 'ef88cfcf36922009252d6501c37fd837') in 0.0312623 seconds
Number of updated asset objects reloaded before import = 0Number of asset objects unloaded after import = 1

========================================================================
Received Import Request.
  Time since last request: 0.000258 seconds.
  path: Assets/Resources/XR Rig.prefab
  artifactKey: Guid(b10fd511f03efb04db1d0f4452cbe655) Importer(2089858483,192608db42251d675da83286b1cce702)
Start importing Assets/Resources/XR Rig.prefab using Guid(b10fd511f03efb04db1d0f4452cbe655) Importer(2089858483,192608db42251d675da83286b1cce702) (ScriptedImporter) -> (artifact id: '97dd9ee4d4bee956b16d233a6ee2589c') in 0.0472978 seconds
Number of updated asset objects reloaded before import = 0Number of asset objects unloaded after import = 42

========================================================================
Received Import Request.
  Time since last request: 0.000050 seconds.
  path: Assets/XR/XRGeneralSettingsPerBuildTarget.asset
  artifactKey: Guid(17993be45f772894a8fffead2f7b0732) Importer(2089858483,192608db42251d675da83286b1cce702)
Start importing Assets/XR/XRGeneralSettingsPerBuildTarget.asset using Guid(17993be45f772894a8fffead2f7b0732) Importer(2089858483,192608db42251d675da83286b1cce702) (ScriptedImporter) -> (artifact id: 'd94b747f08d484b33c139caf987069f0') in 0.0399724 seconds
Number of updated asset objects reloaded before import = 0Number of asset objects unloaded after import = 4

========================================================================
Received Import Request.
  Time since last request: 0.000133 seconds.
  path: Assets/Resources/Prefab/RedCube.prefab
  artifactKey: Guid(8adea37e9579fad4291d650b9ee42ae3) Importer(2089858483,192608db42251d675da83286b1cce702)
Start importing Assets/Resources/Prefab/RedCube.prefab using Guid(8adea37e9579fad4291d650b9ee42ae3) Importer(2089858483,192608db42251d675da83286b1cce702) (ScriptedImporter) -> (artifact id: '8c793e187a04ff5cdc28cc27327af889') in 0.0362763 seconds
Number of updated asset objects reloaded before import = 0Number of asset objects unloaded after import = 11

========================================================================
Received Import Request.
  Time since last request: 0.000113 seconds.
  path: Assets/Resources/Prefab/SilverCube.prefab
  artifactKey: Guid(65712b839099f404cbf6582b5ea4ae20) Importer(2089858483,192608db42251d675da83286b1cce702)
Start importing Assets/Resources/Prefab/SilverCube.prefab using Guid(65712b839099f404cbf6582b5ea4ae20) Importer(2089858483,192608db42251d675da83286b1cce702) (ScriptedImporter) -> (artifact id: '0aee8ca1807a073f431cacbc972c1d2d') in 0.0319598 seconds
Number of updated asset objects reloaded before import = 0Number of asset objects unloaded after import = 11

========================================================================
Received Import Request.
  Time since last request: 0.000152 seconds.
  path: Assets/XR/Settings/OpenXR Editor Settings.asset
  artifactKey: Guid(9a390f0c469378e41a343c2fc6291bbd) Importer(2089858483,192608db42251d675da83286b1cce702)
Start importing Assets/XR/Settings/OpenXR Editor Settings.asset using Guid(9a390f0c469378e41a343c2fc6291bbd) Importer(2089858483,192608db42251d675da83286b1cce702) (ScriptedImporter) -> (artifact id: 'd0f400af7e0746bb3fd796ff1f8315da') in 0.0283693 seconds
Number of updated asset objects reloaded before import = 0Number of asset objects unloaded after import = 1

========================================================================
Received Import Request.
  Time since last request: 0.000126 seconds.
  path: Assets/Scripts/GrabEffect.cs
  artifactKey: Guid(3d6eeca8d8619bb48a2ae2f05968e319) Importer(2089858483,192608db42251d675da83286b1cce702)
Start importing Assets/Scripts/GrabEffect.cs using Guid(3d6eeca8d8619bb48a2ae2f05968e319) Importer(2089858483,192608db42251d675da83286b1cce702) (ScriptedImporter) -> (artifact id: 'abd9af07e1d425330e8446166f05ebc1') in 0.0266798 seconds
Number of updated asset objects reloaded before import = 0Number of asset objects unloaded after import = 0

========================================================================
Received Import Request.
  Time since last request: 0.000106 seconds.
  path: Assets/Resources/Materials/YellowMetal.mat
  artifactKey: Guid(7779bec496072b54586b64b5fd50486b) Importer(2089858483,192608db42251d675da83286b1cce702)
Start importing Assets/Resources/Materials/YellowMetal.mat using Guid(7779bec496072b54586b64b5fd50486b) Importer(2089858483,192608db42251d675da83286b1cce702) (ScriptedImporter) -> (artifact id: '2cfd4c7d6fdf9b550b0d68fe60230378') in 0.0242578 seconds
Number of updated asset objects reloaded before import = 0Number of asset objects unloaded after import = 1

========================================================================
Received Import Request.
  Time since last request: 0.000967 seconds.
  path: Assets/Interactions/MainInteractions.inputactions
  artifactKey: Guid(b0333ea8484419740a9696ca285f6f87) Importer(2089858483,192608db42251d675da83286b1cce702)
Start importing Assets/Interactions/MainInteractions.inputactions using Guid(b0333ea8484419740a9696ca285f6f87) Importer(2089858483,192608db42251d675da83286b1cce702) (ScriptedImporter) -> (artifact id: '5e75e25d1f6f555dc0dc498f3303d766') in 0.1984327 seconds
Number of updated asset objects reloaded before import = 0Number of asset objects unloaded after import = 10

Editor requested this worker to shutdown with reason: Scaling down because of idle timeout
AssetImportWorker is now disconnected from the server
Process exiting
Exiting without the bug reporter. Application will terminate with return code 0